Dec-07 20:30:46.769 [main] DEBUG nextflow.cli.Launcher - $> nextflow run main.nf -profile local --samplesheet samplesheet.csv --outdir results --resume
Dec-07 20:30:46.916 [main] DEBUG nextflow.cli.CmdRun - N E X T F L O W  ~  version 25.10.2
Dec-07 20:30:46.942 [main] DEBUG nextflow.plugin.PluginsFacade - Setting up plugin manager > mode=prod; embedded=false; plugins-dir=/home/s2748062/.nextflow/plugins; core-plugins: nf-amazon@3.4.2,nf-azure@1.20.2,nf-cloudcache@0.5.0,nf-codecommit@0.5.0,nf-console@1.3.0,nf-google@1.23.3,nf-k8s@1.2.2,nf-tower@1.17.3,nf-wave@1.16.1
Dec-07 20:30:46.979 [main] INFO  o.pf4j.DefaultPluginStatusProvider - Enabled plugins: []
Dec-07 20:30:46.980 [main] INFO  o.pf4j.DefaultPluginStatusProvider - Disabled plugins: []
Dec-07 20:30:46.984 [main] INFO  org.pf4j.DefaultPluginManager - PF4J version 3.12.0 in 'deployment' mode
Dec-07 20:30:47.003 [main] DEBUG nextflow.util.RetryConfig - Missing nextflow session - using default retry config
Dec-07 20:30:47.203 [main] INFO  org.pf4j.AbstractPluginManager - No plugins
Dec-07 20:30:47.319 [main] DEBUG nextflow.plugin.PluginsFacade - Plugins default=[]
Dec-07 20:30:47.319 [main] DEBUG nextflow.plugin.PluginsFacade - Plugins resolved requirement=[]
Dec-07 20:30:47.337 [main] DEBUG n.secret.LocalSecretsProvider - Secrets store: /home/s2748062/.nextflow/secrets/store.json
Dec-07 20:30:47.349 [main] DEBUG nextflow.secret.SecretsLoader - Discovered secrets providers: [nextflow.secret.LocalSecretsProvider@58b67519] - activable => nextflow.secret.LocalSecretsProvider@58b67519
Dec-07 20:30:47.352 [main] DEBUG nextflow.cli.CmdRun - Applied DSL=2 from script declaration
Dec-07 20:30:47.373 [main] DEBUG nextflow.cli.CmdRun - Launching `main.nf` [pedantic_newton] DSL2 - revision: 5a0ea231de
Dec-07 20:30:47.449 [main] DEBUG nextflow.Session - Session UUID: 39696fcd-0a96-4121-a9ae-60fddf8ae549
Dec-07 20:30:47.449 [main] DEBUG nextflow.Session - Run name: pedantic_newton
Dec-07 20:30:47.450 [main] DEBUG nextflow.Session - Executor pool size: 64
Dec-07 20:30:47.462 [main] DEBUG nextflow.file.FilePorter - File porter settings maxRetries=3; maxTransfers=50; pollTimeout=null
Dec-07 20:30:47.469 [main] DEBUG nextflow.util.ThreadPoolBuilder - Creating thread pool 'FileTransfer' minSize=10; maxSize=192; workQueue=LinkedBlockingQueue[-1]; allowCoreThreadTimeout=false
Dec-07 20:30:47.501 [main] DEBUG nextflow.cli.CmdRun - 
  Version: 25.10.2 build 10555
  Created: 28-11-2025 19:24 UTC (19:24 BST)
  System: Linux 5.15.0-138-generic
  Runtime: Groovy 4.0.28 on OpenJDK 64-Bit Server VM 21.0.6+9-b895.97
  Encoding: UTF-8 (UTF-8)
  Process: 2695513@bioinfmsc6 [129.215.237.37]
  CPUs: 64 - Mem: 251.8 GB (67.7 GB) - Swap: 8 GB (7.9 GB)
Dec-07 20:30:47.527 [main] DEBUG nextflow.Session - Work-dir: /home/s2748062/plasmid-methylation-qc/work [ext2/ext3]
Dec-07 20:30:47.572 [main] DEBUG nextflow.executor.ExecutorFactory - Extension executors providers=[]
Dec-07 20:30:47.585 [main] DEBUG nextflow.Session - Observer factory (v2): LinObserverFactory
Dec-07 20:30:47.588 [main] DEBUG nextflow.Session - Observer factory (v2): DefaultObserverFactory
Dec-07 20:30:47.655 [main] DEBUG nextflow.cache.CacheFactory - Using Nextflow cache factory: nextflow.cache.DefaultCacheFactory
Dec-07 20:30:47.668 [main] DEBUG nextflow.util.CustomThreadPool - Creating default thread pool > poolSize: 65; maxThreads: 1000
Dec-07 20:30:47.737 [main] DEBUG nextflow.Session - Session start
Dec-07 20:30:48.780 [main] DEBUG nextflow.script.ScriptRunner - > Launching execution
Dec-07 20:30:48.791 [main] WARN  nextflow.script.ScriptBinding - Access to undefined parameter `mod_prob` -- Initialise it to a default value eg. `params.mod_prob = some_value`
Dec-07 20:30:48.793 [main] WARN  nextflow.script.ScriptBinding - Access to undefined parameter `mod_code` -- Initialise it to a default value eg. `params.mod_code = some_value`
Dec-07 20:30:49.070 [main] DEBUG nextflow.executor.ExecutorFactory - << taskConfig executor: null
Dec-07 20:30:49.070 [main] DEBUG nextflow.executor.ExecutorFactory - >> processorType: 'local'
Dec-07 20:30:49.097 [main] DEBUG nextflow.executor.Executor - [warm up] executor > local
Dec-07 20:30:49.109 [main] DEBUG n.processor.LocalPollingMonitor - Creating local task monitor for executor 'local' > cpus=64; memory=251.8 GB; capacity=64; pollInterval=100ms; dumpInterval=5m
Dec-07 20:30:49.114 [main] DEBUG n.processor.TaskPollingMonitor - >>> barrier register (monitor: local)
Dec-07 20:30:49.182 [main] DEBUG nextflow.processor.TaskProcessor - Creating process 'EXTRACT_FULL': maxForks=0; fair=false; array=0
Dec-07 20:30:49.228 [main] DEBUG nextflow.executor.ExecutorFactory - << taskConfig executor: null
Dec-07 20:30:49.228 [main] DEBUG nextflow.executor.ExecutorFactory - >> processorType: 'local'
Dec-07 20:30:49.229 [main] DEBUG nextflow.processor.TaskProcessor - Creating process 'TSV_TO_PARQUET': maxForks=0; fair=false; array=0
Dec-07 20:30:49.233 [main] DEBUG nextflow.executor.ExecutorFactory - << taskConfig executor: null
Dec-07 20:30:49.234 [main] DEBUG nextflow.executor.ExecutorFactory - >> processorType: 'local'
Dec-07 20:30:49.235 [main] DEBUG nextflow.processor.TaskProcessor - Creating process 'EXTRACT_COLLAPSED': maxForks=0; fair=false; array=0
Dec-07 20:30:49.239 [main] DEBUG nextflow.executor.ExecutorFactory - << taskConfig executor: null
Dec-07 20:30:49.239 [main] DEBUG nextflow.executor.ExecutorFactory - >> processorType: 'local'
Dec-07 20:30:49.241 [main] DEBUG nextflow.processor.TaskProcessor - Creating process 'PILEUP_R': maxForks=0; fair=false; array=0
Dec-07 20:30:49.245 [main] DEBUG nextflow.Session - Workflow process names [dsl2]: TSV_TO_PARQUET, EXTRACT_COLLAPSED, EXTRACT_FULL, PILEUP_R
Dec-07 20:30:49.248 [main] DEBUG nextflow.Session - Igniting dataflow network (5)
Dec-07 20:30:49.255 [main] DEBUG nextflow.processor.TaskProcessor - Starting process > EXTRACT_FULL
Dec-07 20:30:49.256 [main] DEBUG nextflow.processor.TaskProcessor - Starting process > TSV_TO_PARQUET
Dec-07 20:30:49.256 [main] DEBUG nextflow.processor.TaskProcessor - Starting process > EXTRACT_COLLAPSED
Dec-07 20:30:49.256 [main] DEBUG nextflow.processor.TaskProcessor - Starting process > PILEUP_R
Dec-07 20:30:49.257 [main] DEBUG nextflow.script.ScriptRunner - Parsed script files:
  Script_1090d06d6ff799c5: /home/s2748062/plasmid-methylation-qc/main.nf
Dec-07 20:30:49.257 [main] DEBUG nextflow.script.ScriptRunner - > Awaiting termination 
Dec-07 20:30:49.257 [main] DEBUG nextflow.Session - Session await
Dec-07 20:30:49.487 [Task submitter] DEBUG n.executor.local.LocalTaskHandler - Launch cmd line: /bin/bash -ue .command.run
Dec-07 20:30:49.489 [Task submitter] INFO  nextflow.Session - [4c/e078ca] Submitted process > EXTRACT_FULL (EGF_met_1)
Dec-07 20:30:52.026 [Task monitor] DEBUG n.processor.TaskPollingMonitor - Task completed > TaskHandler[id: 1; name: EXTRACT_FULL (EGF_met_1); status: COMPLETED; exit: 0; error: -; workDir: /home/s2748062/plasmid-methylation-qc/work/4c/e078cadcc32648f84ab46ddf2c0ea6]
Dec-07 20:30:52.028 [Task monitor] DEBUG nextflow.util.ThreadPoolBuilder - Creating thread pool 'TaskFinalizer' minSize=10; maxSize=192; workQueue=LinkedBlockingQueue[-1]; allowCoreThreadTimeout=false
Dec-07 20:30:52.067 [Task submitter] DEBUG n.executor.local.LocalTaskHandler - Launch cmd line: /bin/bash -ue .command.run
Dec-07 20:30:52.067 [Task submitter] INFO  nextflow.Session - [a8/571553] Submitted process > TSV_TO_PARQUET (EGF_met_1)
Dec-07 20:30:52.067 [TaskFinalizer-1] DEBUG nextflow.util.ThreadPoolBuilder - Creating thread pool 'PublishDir' minSize=10; maxSize=192; workQueue=LinkedBlockingQueue[-1]; allowCoreThreadTimeout=false
Dec-07 20:30:53.198 [Task monitor] DEBUG n.processor.TaskPollingMonitor - Task completed > TaskHandler[id: 2; name: TSV_TO_PARQUET (EGF_met_1); status: COMPLETED; exit: 0; error: -; workDir: /home/s2748062/plasmid-methylation-qc/work/a8/57155341af89e1242bb4310c42d56a]
Dec-07 20:30:53.221 [Task submitter] DEBUG n.executor.local.LocalTaskHandler - Launch cmd line: /bin/bash -ue .command.run
Dec-07 20:30:53.221 [Task submitter] INFO  nextflow.Session - [94/ecc6e2] Submitted process > EXTRACT_COLLAPSED (EGF_met_1)
Dec-07 20:30:53.247 [Task submitter] DEBUG n.executor.local.LocalTaskHandler - Launch cmd line: /bin/bash -ue .command.run
Dec-07 20:30:53.252 [Task submitter] INFO  nextflow.Session - [2c/d68a25] Submitted process > PILEUP_R (EGF_met_1)
Dec-07 20:30:56.354 [Task monitor] DEBUG n.processor.TaskPollingMonitor - Task completed > TaskHandler[id: 3; name: EXTRACT_COLLAPSED (EGF_met_1); status: COMPLETED; exit: 0; error: -; workDir: /home/s2748062/plasmid-methylation-qc/work/94/ecc6e2ddd8e14b7e1978f9ec903faa]
Dec-07 20:30:56.422 [Task monitor] DEBUG n.processor.TaskPollingMonitor - Task completed > TaskHandler[id: 4; name: PILEUP_R (EGF_met_1); status: COMPLETED; exit: 0; error: -; workDir: /home/s2748062/plasmid-methylation-qc/work/2c/d68a25cd64015e2eb65889f376aefa]
Dec-07 20:30:56.427 [main] DEBUG nextflow.Session - Session await > all processes finished
Dec-07 20:30:56.524 [Task monitor] DEBUG n.processor.TaskPollingMonitor - <<< barrier arrives (monitor: local) - terminating tasks monitor poll loop
Dec-07 20:30:56.524 [main] DEBUG nextflow.Session - Session await > all barriers passed
Dec-07 20:30:56.528 [main] DEBUG nextflow.util.ThreadPoolManager - Thread pool 'TaskFinalizer' shutdown completed (hard=false)
Dec-07 20:30:56.528 [main] DEBUG nextflow.util.ThreadPoolManager - Thread pool 'PublishDir' shutdown completed (hard=false)
Dec-07 20:30:56.542 [main] DEBUG n.trace.WorkflowStatsObserver - Workflow completed > WorkflowStats[succeededCount=4; failedCount=0; ignoredCount=0; cachedCount=0; pendingCount=0; submittedCount=0; runningCount=0; retriesCount=0; abortedCount=0; succeedDuration=9.8s; failedDuration=0ms; cachedDuration=0ms;loadCpus=0; loadMemory=0; peakRunning=2; peakCpus=2; peakMemory=0; ]
Dec-07 20:30:56.610 [main] DEBUG nextflow.cache.CacheDB - Closing CacheDB done
Dec-07 20:30:56.633 [main] DEBUG nextflow.util.ThreadPoolManager - Thread pool 'FileTransfer' shutdown completed (hard=false)
Dec-07 20:30:56.634 [main] DEBUG nextflow.script.ScriptRunner - > Execution complete -- Goodbye
